<?xml version="1.0" encoding="UTF-8"?>
<testng-results skipped="0" failed="0" total="1" passed="1">
  <reporter-output>
  </reporter-output>
  <suite name="Default suite" duration-ms="2354" started-at="2020-01-10T12:34:23Z" finished-at="2020-01-10T12:34:25Z">
    <groups>
    </groups>
    <test name="Default test" duration-ms="2354" started-at="2020-01-10T12:34:23Z" finished-at="2020-01-10T12:34:25Z">
      <class name="StaticJson">
        <test-method status="PASS" signature="addBook()[pri:0, instance:StaticJson@30c7da1e]" name="addBook" duration-ms="2342" started-at="2020-01-10T18:04:23Z" finished-at="2020-01-10T18:04:25Z">
          <reporter-output>
          </reporter-output>
        </test-method> <!-- addBook -->
      </class> <!-- StaticJson -->
    </test> <!-- Default test -->
  </suite> <!-- Default suite -->
</testng-results>
